[debug] [2026-06-18T10:10:18.546Z] ----------------------------------------------------------------------
[debug] [2026-06-18T10:10:18.550Z] Command:       /nix/store/ws50yvm6vzlzf7jzz6n7xh4szddrack1-nodejs-20.19.1/bin/node /nix/store/gm9mcvzb17vv8cla08khrg29vxn3sq4r-firebase-tools-15.1.0/lib/node_modules/firebase-tools/lib/bin/firebase.js deploy --only hosting --project borra-albumes
[debug] [2026-06-18T10:10:18.551Z] CLI Version:   15.1.0
[debug] [2026-06-18T10:10:18.551Z] Platform:      linux
[debug] [2026-06-18T10:10:18.551Z] Node Version:  v20.19.1
[debug] [2026-06-18T10:10:18.551Z] Time:          Thu Jun 18 2026 10:10:18 GMT+0000 (Coordinated Universal Time)
[debug] [2026-06-18T10:10:18.551Z] ----------------------------------------------------------------------
[debug] 
[debug] [2026-06-18T10:10:20.401Z] > command requires scopes: ["email","openid","https://www.googleapis.com/auth/cloudplatformprojects.readonly","https://www.googleapis.com/auth/firebase","https://www.googleapis.com/auth/cloud-platform","https://www.googleapis.com/auth/userinfo.email"]
[debug] [2026-06-18T10:10:20.561Z] Running auto auth
[debug] [2026-06-18T10:10:20.577Z] [iam] checking project borra-albumes for permissions ["firebase.projects.get","firebasehosting.sites.update"]
[debug] [2026-06-18T10:10:20.579Z] No OAuth tokens found
[debug] [2026-06-18T10:10:20.581Z] >>> [apiv2][query] POST https://cloudresourcemanager.googleapis.com/v1/projects/borra-albumes:testIamPermissions [none]
[debug] [2026-06-18T10:10:20.581Z] >>> [apiv2][(partial)header] POST https://cloudresourcemanager.googleapis.com/v1/projects/borra-albumes:testIamPermissions x-goog-quota-user=projects/borra-albumes
[debug] [2026-06-18T10:10:20.581Z] >>> [apiv2][body] POST https://cloudresourcemanager.googleapis.com/v1/projects/borra-albumes:testIamPermissions {"permissions":["firebase.projects.get","firebasehosting.sites.update"]}
[debug] [2026-06-18T10:10:21.166Z] <<< [apiv2][status] POST https://cloudresourcemanager.googleapis.com/v1/projects/borra-albumes:testIamPermissions 403
[debug] [2026-06-18T10:10:21.167Z] <<< [apiv2][body] POST https://cloudresourcemanager.googleapis.com/v1/projects/borra-albumes:testIamPermissions {"error":{"code":403,"message":"Cloud Resource Manager API has not been used in project 691781618663 before or it is disabled. Enable it by visiting https://console.developers.google.com/apis/api/cloudresourcemanager.googleapis.com/overview?project=691781618663 then retry. If you enabled this API recently, wait a few minutes for the action to propagate to our systems and retry.","status":"PERMISSION_DENIED","details":[{"@type":"type.googleapis.com/google.rpc.ErrorInfo","reason":"SERVICE_DISABLED","domain":"googleapis.com","metadata":{"activationUrl":"https://console.developers.google.com/apis/api/cloudresourcemanager.googleapis.com/overview?project=691781618663","consumer":"projects/691781618663","service":"cloudresourcemanager.googleapis.com","serviceTitle":"Cloud Resource Manager API","containerInfo":"691781618663"}},{"@type":"type.googleapis.com/google.rpc.LocalizedMessage","locale":"en-US","message":"Cloud Resource Manager API has not been used in project 691781618663 before or it is disabled. Enable it by visiting https://console.developers.google.com/apis/api/cloudresourcemanager.googleapis.com/overview?project=691781618663 then retry. If you enabled this API recently, wait a few minutes for the action to propagate to our systems and retry."},{"@type":"type.googleapis.com/google.rpc.Help","links":[{"description":"Google developers console API activation","url":"https://console.developers.google.com/apis/api/cloudresourcemanager.googleapis.com/overview?project=691781618663"}]}]}}
[debug] [2026-06-18T10:10:21.168Z] [iam] error while checking permissions, command may fail: Request to https://cloudresourcemanager.googleapis.com/v1/projects/borra-albumes:testIamPermissions had HTTP Error: 403, Cloud Resource Manager API has not been used in project 691781618663 before or it is disabled. Enable it by visiting https://console.developers.google.com/apis/api/cloudresourcemanager.googleapis.com/overview?project=691781618663 then retry. If you enabled this API recently, wait a few minutes for the action to propagate to our systems and retry.
[debug] [2026-06-18T10:10:21.170Z] No OAuth tokens found
[debug] [2026-06-18T10:10:21.171Z] >>> [apiv2][query] GET https://firebase.googleapis.com/v1beta1/projects/borra-albumes [none]
[debug] [2026-06-18T10:10:21.222Z] <<< [apiv2][status] GET https://firebase.googleapis.com/v1beta1/projects/borra-albumes 403
[debug] [2026-06-18T10:10:21.222Z] <<< [apiv2][body] GET https://firebase.googleapis.com/v1beta1/projects/borra-albumes {"error":{"code":403,"message":"Firebase Management API has not been used in project 691781618663 before or it is disabled. Enable it by visiting https://console.developers.google.com/apis/api/firebase.googleapis.com/overview?project=691781618663 then retry. If you enabled this API recently, wait a few minutes for the action to propagate to our systems and retry.","status":"PERMISSION_DENIED","details":[{"@type":"type.googleapis.com/google.rpc.ErrorInfo","reason":"SERVICE_DISABLED","domain":"googleapis.com","metadata":{"consumer":"projects/691781618663","service":"firebase.googleapis.com","activationUrl":"https://console.developers.google.com/apis/api/firebase.googleapis.com/overview?project=691781618663","serviceTitle":"Firebase Management API","containerInfo":"691781618663"}},{"@type":"type.googleapis.com/google.rpc.LocalizedMessage","locale":"en-US","message":"Firebase Management API has not been used in project 691781618663 before or it is disabled. Enable it by visiting https://console.developers.google.com/apis/api/firebase.googleapis.com/overview?project=691781618663 then retry. If you enabled this API recently, wait a few minutes for the action to propagate to our systems and retry."},{"@type":"type.googleapis.com/google.rpc.Help","links":[{"description":"Google developers console API activation","url":"https://console.developers.google.com/apis/api/firebase.googleapis.com/overview?project=691781618663"}]}]}}
[debug] [2026-06-18T10:10:21.223Z] Request to https://firebase.googleapis.com/v1beta1/projects/borra-albumes had HTTP Error: 403, Firebase Management API has not been used in project 691781618663 before or it is disabled. Enable it by visiting https://console.developers.google.com/apis/api/firebase.googleapis.com/overview?project=691781618663 then retry. If you enabled this API recently, wait a few minutes for the action to propagate to our systems and retry.
[debug] [2026-06-18T10:10:21.330Z] FirebaseError: Request to https://firebase.googleapis.com/v1beta1/projects/borra-albumes had HTTP Error: 403, Firebase Management API has not been used in project 691781618663 before or it is disabled. Enable it by visiting https://console.developers.google.com/apis/api/firebase.googleapis.com/overview?project=691781618663 then retry. If you enabled this API recently, wait a few minutes for the action to propagate to our systems and retry.
    at responseToError (/nix/store/gm9mcvzb17vv8cla08khrg29vxn3sq4r-firebase-tools-15.1.0/lib/node_modules/firebase-tools/lib/responseToError.js:53:12)
    at RetryOperation._fn (/nix/store/gm9mcvzb17vv8cla08khrg29vxn3sq4r-firebase-tools-15.1.0/lib/node_modules/firebase-tools/lib/apiv2.js:322:77)
    at process.processTicksAndRejections (node:internal/process/task_queues:95:5)
[error] 
[error] Error: Failed to get Firebase project borra-albumes. Please make sure the project exists and your account has permission to access it.
